# JRE version: OpenJDK Runtime Environment (11.0.15) (build 11.0.15+0-b2043.56-9505619)
# Java VM: OpenJDK 64-Bit Server VM (11.0.15+0-b2043.56-9505619, mixed mode, tiered, compressed oops, g1 gc, windows-amd64)
Heap:
 garbage-first heap   total 346112K, used 244825K [0x00000000a0000000, 0x0000000100000000)
  region size 1024K, 57 young (58368K), 2 survivors (2048K)
 Metaspace       used 124751K, capacity 128070K, committed 128336K, reserved 1161216K
  class space    used 14975K, capacity 16106K, committed 16128K, reserved 1048576K
GC Heap History (20 events):
Event: 3453.535 GC heap before
{Heap before GC invocations=99 (full 0):
 garbage-first heap   total 294912K, used 217412K [0x00000000a0000000, 0x0000000100000000)
  region size 1024K, 14 young (14336K), 8 survivors (8192K)
 Metaspace       used 122576K, capacity 125855K, committed 126160K, reserved 1159168K
  class space    used 14789K, capacity 15896K, committed 16000K, reserved 1048576K
}
Event: 3453.555 GC heap after
{Heap after GC invocations=100 (full 0):
 garbage-first heap   total 294912K, used 209755K [0x00000000a0000000, 0x0000000100000000)
  region size 1024K, 2 young (2048K), 2 survivors (2048K)
 Metaspace       used 122576K, capacity 125855K, committed 126160K, reserved 1159168K
  class space    used 14789K, capacity 15896K, committed 16000K, reserved 1048576K
}
Event: 3454.040 GC heap before
{Heap before GC invocations=100 (full 0):
 garbage-first heap   total 294912K, used 246619K [0x00000000a0000000, 0x0000000100000000)
  region size 1024K, 38 young (38912K), 2 survivors (2048K)
 Metaspace       used 122951K, capacity 126192K, committed 126416K, reserved 1159168K
  class space    used 14818K, capacity 15914K, committed 16000K, reserved 1048576K
}
Event: 3454.058 GC heap after
{Heap after GC invocations=101 (full 0):
 garbage-first heap   total 294912K, used 220159K [0x00000000a0000000, 0x0000000100000000)
  region size 1024K, 5 young (5120K), 5 survivors (5120K)
 Metaspace       used 122951K, capacity 126192K, committed 126416K, reserved 1159168K
  class space    used 14818K, capacity 15914K, committed 16000K, reserved 1048576K
}
Event: 3454.586 GC heap before
{Heap before GC invocations=102 (full 0):
 garbage-first heap   total 294912K, used 247807K [0x00000000a0000000, 0x0000000100000000)
  region size 1024K, 33 young (33792K), 5 survivors (5120K)
 Metaspace       used 123123K, capacity 126384K, committed 126672K, reserved 1161216K
  class space    used 14820K, capacity 15930K, committed 16000K, reserved 1048576K
}
Event: 3454.599 GC heap after
{Heap after GC invocations=103 (full 0):
 garbage-first heap   total 294912K, used 224262K [0x00000000a0000000, 0x0000000100000000)
  region size 1024K, 4 young (4096K), 4 survivors (4096K)
 Metaspace       used 123123K, capacity 126384K, committed 126672K, reserved 1161216K
  class space    used 14820K, capacity 15930K, committed 16000K, reserved 1048576K
}
Event: 3454.731 GC heap before
{Heap before GC invocations=103 (full 0):
 garbage-first heap   total 294912K, used 234502K [0x00000000a0000000, 0x0000000100000000)
  region size 1024K, 14 young (14336K), 4 survivors (4096K)
 Metaspace       used 123387K, capacity 126675K, committed 126928K, reserved 1161216K
  class space    used 14851K, capacity 15963K, committed 16000K, reserved 1048576K
}
Event: 3454.753 GC heap after
{Heap after GC invocations=104 (full 0):
 garbage-first heap   total 346112K, used 216590K [0x00000000a0000000, 0x0000000100000000)
  region size 1024K, 2 young (2048K), 2 survivors (2048K)
 Metaspace       used 123387K, capacity 126675K, committed 126928K, reserved 1161216K
  class space    used 14851K, capacity 15963K, committed 16000K, reserved 1048576K
}
Event: 3454.826 GC heap before
{Heap before GC invocations=104 (full 0):
 garbage-first heap   total 346112K, used 225806K [0x00000000a0000000, 0x0000000100000000)
  region size 1024K, 13 young (13312K), 2 survivors (2048K)
 Metaspace       used 123436K, capacity 126728K, committed 127056K, reserved 1161216K
  class space    used 14860K, capacity 16004K, committed 16128K, reserved 1048576K
}
Event: 3454.832 GC heap after
{Heap after GC invocations=105 (full 0):
 garbage-first heap   total 346112K, used 217998K [0x00000000a0000000, 0x0000000100000000)
  region size 1024K, 4 young (4096K), 4 survivors (4096K)
 Metaspace       used 123436K, capacity 126728K, committed 127056K, reserved 1161216K
  class space    used 14860K, capacity 16004K, committed 16128K, reserved 1048576K
}
Event: 3456.474 GC heap before
{Heap before GC invocations=106 (full 0):
 garbage-first heap   total 346112K, used 267150K [0x00000000a0000000, 0x0000000100000000)
  region size 1024K, 48 young (49152K), 4 survivors (4096K)
 Metaspace       used 123737K, capacity 127007K, committed 127312K, reserved 1161216K
  class space    used 14892K, capacity 16008K, committed 16128K, reserved 1048576K
}
Event: 3456.477 GC heap after
{Heap after GC invocations=107 (full 0):
 garbage-first heap   total 346112K, used 215918K [0x00000000a0000000, 0x0000000100000000)
  region size 1024K, 1 young (1024K), 1 survivors (1024K)
 Metaspace       used 123737K, capacity 127007K, committed 127312K, reserved 1161216K
  class space    used 14892K, capacity 16008K, committed 16128K, reserved 1048576K
}
Event: 3456.711 GC heap before
{Heap before GC invocations=107 (full 0):
 garbage-first heap   total 346112K, used 230254K [0x00000000a0000000, 0x0000000100000000)
  region size 1024K, 16 young (16384K), 1 survivors (1024K)
 Metaspace       used 124456K, capacity 127712K, committed 127824K, reserved 1161216K
  class space    used 14948K, capacity 16072K, committed 16128K, reserved 1048576K
}
Event: 3456.717 GC heap after
{Heap after GC invocations=108 (full 0):
 garbage-first heap   total 346112K, used 215022K [0x00000000a0000000, 0x0000000100000000)
  region size 1024K, 2 young (2048K), 2 survivors (2048K)
 Metaspace       used 124456K, capacity 127712K, committed 127824K, reserved 1161216K
  class space    used 14948K, capacity 16072K, committed 16128K, reserved 1048576K
}
Event: 3456.971 GC heap before
{Heap before GC invocations=108 (full 0):
 garbage-first heap   total 346112K, used 231406K [0x00000000a0000000, 0x0000000100000000)
  region size 1024K, 20 young (20480K), 2 survivors (2048K)
 Metaspace       used 124681K, capacity 127910K, committed 128080K, reserved 1161216K
  class space    used 14970K, capacity 16074K, committed 16128K, reserved 1048576K
}
Event: 3456.976 GC heap after
{Heap after GC invocations=109 (full 0):
 garbage-first heap   total 346112K, used 214506K [0x00000000a0000000, 0x0000000100000000)
  region size 1024K, 2 young (2048K), 2 survivors (2048K)
 Metaspace       used 124681K, capacity 127910K, committed 128080K, reserved 1161216K
  class space    used 14970K, capacity 16074K, committed 16128K, reserved 1048576K
}
Event: 3457.402 GC heap before
{Heap before GC invocations=110 (full 0):
 garbage-first heap   total 346112K, used 262634K [0x00000000a0000000, 0x0000000100000000)
  region size 1024K, 55 young (56320K), 2 survivors (2048K)
 Metaspace       used 124746K, capacity 128070K, committed 128336K, reserved 1161216K
  class space    used 14975K, capacity 16106K, committed 16128K, reserved 1048576K
}
Event: 3457.408 GC heap after
{Heap after GC invocations=111 (full 0):
 garbage-first heap   total 346112K, used 212625K [0x00000000a0000000, 0x0000000100000000)
  region size 1024K, 6 young (6144K), 6 survivors (6144K)
 Metaspace       used 124746K, capacity 128070K, committed 128336K, reserved 1161216K
  class space    used 14975K, capacity 16106K, committed 16128K, reserved 1048576K
}
Event: 3457.458 GC heap before
{Heap before GC invocations=111 (full 0):
 garbage-first heap   total 346112K, used 222865K [0x00000000a0000000, 0x0000000100000000)
  region size 1024K, 16 young (16384K), 6 survivors (6144K)
 Metaspace       used 124747K, capacity 128070K, committed 128336K, reserved 1161216K
  class space    used 14975K, capacity 16106K, committed 16128K, reserved 1048576K
}
Event: 3457.468 GC heap after
{Heap after GC invocations=112 (full 0):
 garbage-first heap   total 346112K, used 189529K [0x00000000a0000000, 0x0000000100000000)
  region size 1024K, 2 young (2048K), 2 survivors (2048K)
 Metaspace       used 124747K, capacity 128070K, committed 128336K, reserved 1161216K
  class space    used 14975K, capacity 16106K, committed 16128K, reserved 1048576K
}

